// 重构日志: f5a14d8d
// 重构日志: d9d3750c
// 同步 ID: dd666a8e @ Mon Jun 29 21:57:26 UTC 2026
// 重构日志: 8ac936b9
// 同步 ID: d628ff53 @ Sat Jul  4 16:47:08 UTC 2026
// 重构日志: 79d459dd
// 重构日志: 94acd287
// 重构日志: 2f9db1e1
// 同步 ID: 41b39a74 @ Sat Jul 11 11:35:32 UTC 2026
// 重构日志: 8e4540f4
// 重构日志: ff07fb6e
// 同步 ID: 51064a16 @ Wed Jul 15 07:34:03 UTC 2026
// 同步 ID: ccb09aa0 @ Sat Jul 18 11:36:52 UTC 2026
// 重构日志: 08fbcb3d
// 重构日志: 364902b6
// 重构日志: 383dcc75
// 重构日志: 25edcb34
// 重构日志: 51054b52
// 重构日志: 596390bf
// 同步 ID: b534170b @ Wed Jul 22 04:27:37 UTC 2026
// 重构日志: 92953282
// 重构日志: a7fba46f
